[0m[[0m[0mdebug[0m] [0m[0m> Exec(;Test/compile; collectAnalyses, None, Some(CommandSource(network-1)))[0m
[0m[[0m[0mdebug[0m] [0m[0munmatched Processing event for requestId None: None[0m
[0m[[0m[0mdebug[0m] [0m[0munmatched Done event for requestId None: None[0m
[0m[[0m[0mdebug[0m] [0m[0m> Exec(Test/compile, None, Some(CommandSource(network-1)))[0m
[0m[[0m[0mdebug[0m] [0m[0munmatched Processing event for requestId None: None[0m
[0m[[0m[0mdebug[0m] [0m[0mEvaluating tasks: Test / compile[0m
[0m[[0m[0mdebug[0m] [0m[0mRunning task... Cancel: Signal, check cycles: false, forcegc: true[0m
[0m[[0m[0mdebug[0m] [0m[0mjsonRpcNotify: JsonRpcNotificationMessage(2.0, build/taskStart, {"taskId":{"id":"29","parents":[]},"eventTime":1646907204093,"message":"Compiling root","dataKind":"compile-task","data":{"target":{"uri":"file:/home/gabin/code/test/#root/Compile"}}})[0m
[0m[[0m[0minfo[0m] [0m[0mcompiling 3 Scala sources to /home/gabin/code/test/target/scala-2.13/classes ...[0m
[0m[[0m[0mdebug[0m] [0m[0mjsonRpcNotify: JsonRpcNotificationMessage(2.0, build/logMessage, {"type":3,"message":"compiling 3 Scala sources to /home/gabin/code/test/target/scala-2.13/classes ..."})[0m
[0m[[0m[0mdebug[0m] [0m[0mjsonRpcNotify: JsonRpcNotificationMessage(2.0, build/taskProgress, {"taskId":{"id":"29","parents":[]},"eventTime":1646907204131,"message":"Compiling root (5%)","total":78,"progress":5,"dataKind":"compile-progress","data":{"target":{"uri":"file:/home/gabin/code/test/#root/Compile"}}})[0m
[0m[[0m[0mdebug[0m] [0m[0mjsonRpcNotify: JsonRpcNotificationMessage(2.0, build/taskProgress, {"taskId":{"id":"29","parents":[]},"eventTime":1646907204134,"message":"Compiling root (10%)","total":78,"progress":10,"dataKind":"compile-progress","data":{"target":{"uri":"file:/home/gabin/code/test/#root/Compile"}}})[0m
[0m[[0m[0mdebug[0m] [0m[0mjsonRpcNotify: JsonRpcNotificationMessage(2.0, build/publishDiagnostics, {"textDocument":{"uri":"file:///home/gabin/code/test/src/main/scala/ok/IntIterator.scala"},"buildTarget":{"uri":"file:/home/gabin/code/test/#root/Compile"},"diagnostics":[{"range":{"start":{"line":2,"character":35},"end":{"line":2,"character":43}},"severity":1,"source":"sbt","message":"trait Iterator takes type parameters"}],"reset":false})[0m
[0m[[0m[31merror[0m] [0m[0m/home/gabin/code/test/src/main/scala/ok/IntIterator.scala:3:36: trait Iterator takes type parameters[0m
[0m[[0m[31merror[0m] [0m[0mclass IntIterator(to: Int) extends Iterator {[0m
[0m[[0m[31merror[0m] [0m[0m                                   ^[0m
[0m[[0m[0mdebug[0m] [0m[0mjsonRpcNotify: JsonRpcNotificationMessage(2.0, build/logMessage, {"type":1,"message":"/home/gabin/code/test/src/main/scala/ok/IntIterator.scala:3:36: trait Iterator takes type parameters"})[0m
[0m[[0m[0mdebug[0m] [0m[0mjsonRpcNotify: JsonRpcNotificationMessage(2.0, build/logMessage, {"type":1,"message":"class IntIterator(to: Int) extends Iterator {"})[0m
[0m[[0m[0mdebug[0m] [0m[0mjsonRpcNotify: JsonRpcNotificationMessage(2.0, build/logMessage, {"type":1,"message":"                                   ^"})[0m
[0m[[0m[0mdebug[0m] [0m[0mjsonRpcNotify: JsonRpcNotificationMessage(2.0, build/taskProgress, {"taskId":{"id":"29","parents":[]},"eventTime":1646907204188,"message":"Compiling root (15%)","total":78,"progress":15,"dataKind":"compile-progress","data":{"target":{"uri":"file:/home/gabin/code/test/#root/Compile"}}})[0m
[0m[[0m[0mdebug[0m] [0m[0mjsonRpcNotify: JsonRpcNotificationMessage(2.0, build/taskProgress, {"taskId":{"id":"29","parents":[]},"eventTime":1646907204189,"message":"Compiling root (15%)","total":78,"progress":15,"dataKind":"compile-progress","data":{"target":{"uri":"file:/home/gabin/code/test/#root/Compile"}}})[0m
[0m[[0m[31merror[0m] [0m[0mone error found[0m
[0m[[0m[0mdebug[0m] [0m[0mjsonRpcNotify: JsonRpcNotificationMessage(2.0, build/logMessage, {"type":1,"message":"one error found"})[0m
[0m[[0m[0mdebug[0m] [0m[0mjsonRpcNotify: JsonRpcNotificationMessage(2.0, build/publishDiagnostics, {"textDocument":{"uri":"file:///home/gabin/code/test/src/main/scala/ok/IntIterator.scala"},"buildTarget":{"uri":"file:/home/gabin/code/test/#root/Compile"},"diagnostics":[{"range":{"start":{"line":2,"character":35},"end":{"line":2,"character":43}},"severity":1,"source":"sbt","message":"trait Iterator takes type parameters"}],"reset":true})[0m
[0m[[0m[0mdebug[0m] [0m[0mjsonRpcNotify: JsonRpcNotificationMessage(2.0, build/publishDiagnostics, {"textDocument":{"uri":"file:///home/gabin/code/test/src/main/scala/ok/Iterator.scala"},"buildTarget":{"uri":"file:/home/gabin/code/test/#root/Compile"},"diagnostics":[],"reset":true})[0m
[0m[[0m[0mdebug[0m] [0m[0mjsonRpcNotify: JsonRpcNotificationMessage(2.0, build/publishDiagnostics, {"textDocument":{"uri":"file:///home/gabin/code/test/src/main/scala/ok/Main.scala"},"buildTarget":{"uri":"file:/home/gabin/code/test/#root/Compile"},"diagnostics":[],"reset":true})[0m
[0m[[0m[0mdebug[0m] [0m[0mjsonRpcNotify: JsonRpcNotificationMessage(2.0, build/taskFinish, {"taskId":{"id":"29","parents":[]},"eventTime":1646907204191,"message":"Compiled root","status":2,"dataKind":"compile-report","data":{"target":{"uri":"file:/home/gabin/code/test/#root/Compile"},"errors":1,"warnings":0,"time":98}})[0m
[0m[[0m[0mdebug[0m] [0m[0munmatched json error for requestId None: {"code":-32603,"message":"(Compile / \u001b[31mcompileIncremental\u001b[0m) Compilation failed"}[0m
[0m[[0m[31merror[0m] [0m[0m(Compile / [31mcompileIncremental[0m) Compilation failed[0m
[0m[[0m[0mdebug[0m] [0m[0mjsonRpcNotify: JsonRpcNotificationMessage(2.0, build/logMessage, {"type":1,"message":"(Compile / \u001b[31mcompileIncremental\u001b[0m) Compilation failed"})[0m
[0m[[0m[31merror[0m] [0m[0mTotal time: 0 s, completed Mar 10, 2022, 11:13:24 AM[0m
[0m[[0m[0mdebug[0m] [0m[0munmatched Done event for requestId None: None[0m
[0m[[0m[0mdebug[0m] [0m[0m> Exec(shell, None, None)[0m
