[0m[[0m[0mdebug[0m] [0m[0m> Exec(;Test/compile; collectAnalyses, None, Some(CommandSource(network-1)))[0m
[0m[[0m[0mdebug[0m] [0m[0munmatched Processing event for requestId None: None[0m
[0m[[0m[0mdebug[0m] [0m[0munmatched Done event for requestId None: None[0m
[0m[[0m[0mdebug[0m] [0m[0m> Exec(Test/compile, None, Some(CommandSource(network-1)))[0m
[0m[[0m[0mdebug[0m] [0m[0munmatched Processing event for requestId None: None[0m
[0m[[0m[0mdebug[0m] [0m[0mEvaluating tasks: Test / compile[0m
[0m[[0m[0mdebug[0m] [0m[0mRunning task... Cancel: Signal, check cycles: false, forcegc: true[0m
[0m[[0m[0mdebug[0m] [0m[0mjsonRpcNotify: JsonRpcNotificationMessage(2.0, build/taskStart, {"taskId":{"id":"34","parents":[]},"eventTime":1646924123740,"message":"Compiling root","dataKind":"compile-task","data":{"target":{"uri":"file:/home/gabin/code/test/#root/Compile"}}})[0m
[0m[[0m[0minfo[0m] [0m[0mcompiling 1 Scala source to /home/gabin/code/test/target/scala-2.13/classes ...[0m
[0m[[0m[0mdebug[0m] [0m[0mjsonRpcNotify: JsonRpcNotificationMessage(2.0, build/logMessage, {"type":3,"message":"compiling 1 Scala source to /home/gabin/code/test/target/scala-2.13/classes ..."})[0m
[0m[[0m[0mdebug[0m] [0m[0mjsonRpcNotify: JsonRpcNotificationMessage(2.0, build/taskProgress, {"taskId":{"id":"34","parents":[]},"eventTime":1646924123859,"message":"Compiling root (15%)","total":26,"progress":15,"dataKind":"compile-progress","data":{"target":{"uri":"file:/home/gabin/code/test/#root/Compile"}}})[0m
[0m[[0m[0mdebug[0m] [0m[0mjsonRpcNotify: JsonRpcNotificationMessage(2.0, build/taskProgress, {"taskId":{"id":"34","parents":[]},"eventTime":1646924123859,"message":"Compiling root (15%)","total":26,"progress":15,"dataKind":"compile-progress","data":{"target":{"uri":"file:/home/gabin/code/test/#root/Compile"}}})[0m
[0m[[0m[0mdebug[0m] [0m[0mjsonRpcNotify: JsonRpcNotificationMessage(2.0, build/taskProgress, {"taskId":{"id":"34","parents":[]},"eventTime":1646924123914,"message":"Compiling root (30%)","total":26,"progress":30,"dataKind":"compile-progress","data":{"target":{"uri":"file:/home/gabin/code/test/#root/Compile"}}})[0m
[0m[[0m[0mdebug[0m] [0m[0mjsonRpcNotify: JsonRpcNotificationMessage(2.0, build/taskProgress, {"taskId":{"id":"34","parents":[]},"eventTime":1646924123922,"message":"Compiling root (30%)","total":26,"progress":30,"dataKind":"compile-progress","data":{"target":{"uri":"file:/home/gabin/code/test/#root/Compile"}}})[0m
[0m[[0m[0mdebug[0m] [0m[0mjsonRpcNotify: JsonRpcNotificationMessage(2.0, build/taskProgress, {"taskId":{"id":"34","parents":[]},"eventTime":1646924123962,"message":"Compiling root (50%)","total":26,"progress":50,"dataKind":"compile-progress","data":{"target":{"uri":"file:/home/gabin/code/test/#root/Compile"}}})[0m
[0m[[0m[0mdebug[0m] [0m[0mjsonRpcNotify: JsonRpcNotificationMessage(2.0, build/taskProgress, {"taskId":{"id":"34","parents":[]},"eventTime":1646924123962,"message":"Compiling root (50%)","total":26,"progress":50,"dataKind":"compile-progress","data":{"target":{"uri":"file:/home/gabin/code/test/#root/Compile"}}})[0m
[0m[[0m[0mdebug[0m] [0m[0mjsonRpcNotify: JsonRpcNotificationMessage(2.0, build/taskProgress, {"taskId":{"id":"34","parents":[]},"eventTime":1646924124034,"message":"Compiling root (65%)","total":26,"progress":65,"dataKind":"compile-progress","data":{"target":{"uri":"file:/home/gabin/code/test/#root/Compile"}}})[0m
[0m[[0m[0mdebug[0m] [0m[0mjsonRpcNotify: JsonRpcNotificationMessage(2.0, build/taskProgress, {"taskId":{"id":"34","parents":[]},"eventTime":1646924124035,"message":"Compiling root (65%)","total":26,"progress":65,"dataKind":"compile-progress","data":{"target":{"uri":"file:/home/gabin/code/test/#root/Compile"}}})[0m
[0m[[0m[0mdebug[0m] [0m[0mjsonRpcNotify: JsonRpcNotificationMessage(2.0, build/taskProgress, {"taskId":{"id":"34","parents":[]},"eventTime":1646924124037,"message":"Compiling root (80%)","total":26,"progress":80,"dataKind":"compile-progress","data":{"target":{"uri":"file:/home/gabin/code/test/#root/Compile"}}})[0m
[0m[[0m[0mdebug[0m] [0m[0mjsonRpcNotify: JsonRpcNotificationMessage(2.0, build/taskProgress, {"taskId":{"id":"34","parents":[]},"eventTime":1646924124038,"message":"Compiling root (80%)","total":26,"progress":80,"dataKind":"compile-progress","data":{"target":{"uri":"file:/home/gabin/code/test/#root/Compile"}}})[0m
[0m[[0m[0mdebug[0m] [0m[0mjsonRpcNotify: JsonRpcNotificationMessage(2.0, build/taskProgress, {"taskId":{"id":"34","parents":[]},"eventTime":1646924124058,"message":"Compiling root (100%)","total":26,"progress":100,"dataKind":"compile-progress","data":{"target":{"uri":"file:/home/gabin/code/test/#root/Compile"}}})[0m
[0m[[0m[0mdebug[0m] [0m[0mjsonRpcNotify: JsonRpcNotificationMessage(2.0, build/taskProgress, {"taskId":{"id":"34","parents":[]},"eventTime":1646924124059,"message":"Compiling root (100%)","total":26,"progress":100,"dataKind":"compile-progress","data":{"target":{"uri":"file:/home/gabin/code/test/#root/Compile"}}})[0m
[0m[[0m[0mdebug[0m] [0m[0mjsonRpcNotify: JsonRpcNotificationMessage(2.0, build/publishDiagnostics, {"textDocument":{"uri":"file:///home/gabin/code/test/src/main/scala/ok/Iterator.scala"},"buildTarget":{"uri":"file:/home/gabin/code/test/#root/Compile"},"diagnostics":[],"reset":true})[0m
[0m[[0m[0mdebug[0m] [0m[0mjsonRpcNotify: JsonRpcNotificationMessage(2.0, build/publishDiagnostics, {"textDocument":{"uri":"file:///home/gabin/code/test/src/main/scala/ok/IntIterator.scala"},"buildTarget":{"uri":"file:/home/gabin/code/test/#root/Compile"},"diagnostics":[],"reset":true})[0m
[0m[[0m[0mdebug[0m] [0m[0mjsonRpcNotify: JsonRpcNotificationMessage(2.0, build/publishDiagnostics, {"textDocument":{"uri":"file:///home/gabin/code/test/src/main/scala/ok/Main.scala"},"buildTarget":{"uri":"file:/home/gabin/code/test/#root/Compile"},"diagnostics":[],"reset":true})[0m
[0m[[0m[0mdebug[0m] [0m[0mjsonRpcNotify: JsonRpcNotificationMessage(2.0, build/publishDiagnostics, {"textDocument":{"uri":"file:///home/gabin/code/test/src/main/scala/kocko/clasment/kokoType.scala"},"buildTarget":{"uri":"file:/home/gabin/code/test/#root/Compile"},"diagnostics":[],"reset":true})[0m
[0m[[0m[0mdebug[0m] [0m[0mjsonRpcNotify: JsonRpcNotificationMessage(2.0, build/publishDiagnostics, {"textDocument":{"uri":"file:///home/gabin/code/test/src/main/scala/kocko/clasment/cocoInterface.scala"},"buildTarget":{"uri":"file:/home/gabin/code/test/#root/Compile"},"diagnostics":[],"reset":true})[0m
[0m[[0m[0mdebug[0m] [0m[0mjsonRpcNotify: JsonRpcNotificationMessage(2.0, build/taskFinish, {"taskId":{"id":"34","parents":[]},"eventTime":1646924124063,"message":"Compiled root","status":1,"dataKind":"compile-report","data":{"target":{"uri":"file:/home/gabin/code/test/#root/Compile"},"errors":0,"warnings":0,"time":323}})[0m
[0m[[0m[0mdebug[0m] [0m[0mjsonRpcNotify: JsonRpcNotificationMessage(2.0, build/taskStart, {"taskId":{"id":"35","parents":[]},"eventTime":1646924124076,"message":"Compiling root-test","dataKind":"compile-task","data":{"target":{"uri":"file:/home/gabin/code/test/#root/Test"}}})[0m
[0m[[0m[0mdebug[0m] [0m[0mjsonRpcNotify: JsonRpcNotificationMessage(2.0, build/taskFinish, {"taskId":{"id":"35","parents":[]},"eventTime":1646924124078,"message":"Compiled root-test","status":1,"dataKind":"compile-report","data":{"target":{"uri":"file:/home/gabin/code/test/#root/Test"},"errors":0,"warnings":0,"time":2}})[0m
[0m[[0m[32msuccess[0m] [0m[0mTotal time: 0 s, completed Mar 10, 2022, 3:55:24 PM[0m
[0m[[0m[0mdebug[0m] [0m[0munmatched Done event for requestId None: None[0m
[0m[[0m[0mdebug[0m] [0m[0m> Exec(collectAnalyses, None, Some(CommandSource(network-1)))[0m
[0m[[0m[0mdebug[0m] [0m[0munmatched Processing event for requestId None: None[0m
[0m[[0m[0mdebug[0m] [0m[0mEvaluating tasks: Compile / collectAnalyses[0m
[0m[[0m[0mdebug[0m] [0m[0mRunning task... Cancel: Signal, check cycles: false, forcegc: true[0m
[0m[[0m[0mdebug[0m] [0m[0manalysis location (/home/gabin/code/test/target/scala-2.13/zinc/inc_compile_2.13.zip,true)[0m
[0m[[0m[32msuccess[0m] [0m[0mTotal time: 0 s, completed Mar 10, 2022, 3:55:24 PM[0m
[0m[[0m[0mdebug[0m] [0m[0munmatched Done event for requestId None: None[0m
[0m[[0m[0mdebug[0m] [0m[0m> Exec(shell, None, None)[0m
[0m[[0m[0mdebug[0m] [0m[0mForcing garbage collection...[0m
