[0m[[0m[0mdebug[0m] [0m[0m> Exec(;Test/compile; collectAnalyses, None, Some(CommandSource(network-1)))[0m
[0m[[0m[0mdebug[0m] [0m[0munmatched Processing event for requestId None: None[0m
[0m[[0m[0mdebug[0m] [0m[0munmatched Done event for requestId None: None[0m
[0m[[0m[0mdebug[0m] [0m[0m> Exec(Test/compile, None, Some(CommandSource(network-1)))[0m
[0m[[0m[0mdebug[0m] [0m[0munmatched Processing event for requestId None: None[0m
[0m[[0m[0mdebug[0m] [0m[0mEvaluating tasks: Test / compile[0m
[0m[[0m[0mdebug[0m] [0m[0mRunning task... Cancel: Signal, check cycles: false, forcegc: true[0m
[0m[[0m[0mdebug[0m] [0m[0mjsonRpcNotify: JsonRpcNotificationMessage(2.0, build/taskStart, {"taskId":{"id":"32","parents":[]},"eventTime":1646923963608,"message":"Compiling root","dataKind":"compile-task","data":{"target":{"uri":"file:/home/gabin/code/test/#root/Compile"}}})[0m
[0m[[0m[0minfo[0m] [0m[0mcompiling 2 Scala sources to /home/gabin/code/test/target/scala-2.13/classes ...[0m
[0m[[0m[0mdebug[0m] [0m[0mjsonRpcNotify: JsonRpcNotificationMessage(2.0, build/logMessage, {"type":3,"message":"compiling 2 Scala sources to /home/gabin/code/test/target/scala-2.13/classes ..."})[0m
[0m[[0m[0mdebug[0m] [0m[0mjsonRpcNotify: JsonRpcNotificationMessage(2.0, build/taskProgress, {"taskId":{"id":"32","parents":[]},"eventTime":1646923963682,"message":"Compiling root (5%)","total":52,"progress":5,"dataKind":"compile-progress","data":{"target":{"uri":"file:/home/gabin/code/test/#root/Compile"}}})[0m
[0m[[0m[0mdebug[0m] [0m[0mjsonRpcNotify: JsonRpcNotificationMessage(2.0, build/taskProgress, {"taskId":{"id":"32","parents":[]},"eventTime":1646923963690,"message":"Compiling root (15%)","total":52,"progress":15,"dataKind":"compile-progress","data":{"target":{"uri":"file:/home/gabin/code/test/#root/Compile"}}})[0m
[0m[[0m[0mdebug[0m] [0m[0mjsonRpcNotify: JsonRpcNotificationMessage(2.0, build/taskProgress, {"taskId":{"id":"32","parents":[]},"eventTime":1646923963690,"message":"Compiling root (15%)","total":52,"progress":15,"dataKind":"compile-progress","data":{"target":{"uri":"file:/home/gabin/code/test/#root/Compile"}}})[0m
[0m[[0m[0mdebug[0m] [0m[0mjsonRpcNotify: JsonRpcNotificationMessage(2.0, build/taskProgress, {"taskId":{"id":"32","parents":[]},"eventTime":1646923963692,"message":"Compiling root (25%)","total":52,"progress":25,"dataKind":"compile-progress","data":{"target":{"uri":"file:/home/gabin/code/test/#root/Compile"}}})[0m
[0m[[0m[0mdebug[0m] [0m[0mjsonRpcNotify: JsonRpcNotificationMessage(2.0, build/taskProgress, {"taskId":{"id":"32","parents":[]},"eventTime":1646923963728,"message":"Compiling root (30%)","total":52,"progress":30,"dataKind":"compile-progress","data":{"target":{"uri":"file:/home/gabin/code/test/#root/Compile"}}})[0m
[0m[[0m[0mdebug[0m] [0m[0mjsonRpcNotify: JsonRpcNotificationMessage(2.0, build/taskProgress, {"taskId":{"id":"32","parents":[]},"eventTime":1646923963731,"message":"Compiling root (30%)","total":52,"progress":30,"dataKind":"compile-progress","data":{"target":{"uri":"file:/home/gabin/code/test/#root/Compile"}}})[0m
[0m[[0m[0mdebug[0m] [0m[0mjsonRpcNotify: JsonRpcNotificationMessage(2.0, build/taskProgress, {"taskId":{"id":"32","parents":[]},"eventTime":1646923963747,"message":"Compiling root (40%)","total":52,"progress":40,"dataKind":"compile-progress","data":{"target":{"uri":"file:/home/gabin/code/test/#root/Compile"}}})[0m
[0m[[0m[0mdebug[0m] [0m[0mjsonRpcNotify: JsonRpcNotificationMessage(2.0, build/taskProgress, {"taskId":{"id":"32","parents":[]},"eventTime":1646923963748,"message":"Compiling root (50%)","total":52,"progress":50,"dataKind":"compile-progress","data":{"target":{"uri":"file:/home/gabin/code/test/#root/Compile"}}})[0m
[0m[[0m[0mdebug[0m] [0m[0mjsonRpcNotify: JsonRpcNotificationMessage(2.0, build/taskProgress, {"taskId":{"id":"32","parents":[]},"eventTime":1646923963749,"message":"Compiling root (50%)","total":52,"progress":50,"dataKind":"compile-progress","data":{"target":{"uri":"file:/home/gabin/code/test/#root/Compile"}}})[0m
[0m[[0m[0mdebug[0m] [0m[0mjsonRpcNotify: JsonRpcNotificationMessage(2.0, build/taskProgress, {"taskId":{"id":"32","parents":[]},"eventTime":1646923963750,"message":"Compiling root (55%)","total":52,"progress":55,"dataKind":"compile-progress","data":{"target":{"uri":"file:/home/gabin/code/test/#root/Compile"}}})[0m
[0m[[0m[0mdebug[0m] [0m[0mjsonRpcNotify: JsonRpcNotificationMessage(2.0, build/taskProgress, {"taskId":{"id":"32","parents":[]},"eventTime":1646923963815,"message":"Compiling root (65%)","total":52,"progress":65,"dataKind":"compile-progress","data":{"target":{"uri":"file:/home/gabin/code/test/#root/Compile"}}})[0m
[0m[[0m[0mdebug[0m] [0m[0mjsonRpcNotify: JsonRpcNotificationMessage(2.0, build/taskProgress, {"taskId":{"id":"32","parents":[]},"eventTime":1646923963815,"message":"Compiling root (65%)","total":52,"progress":65,"dataKind":"compile-progress","data":{"target":{"uri":"file:/home/gabin/code/test/#root/Compile"}}})[0m
[0m[[0m[0mdebug[0m] [0m[0mjsonRpcNotify: JsonRpcNotificationMessage(2.0, build/taskProgress, {"taskId":{"id":"32","parents":[]},"eventTime":1646923963816,"message":"Compiling root (75%)","total":52,"progress":75,"dataKind":"compile-progress","data":{"target":{"uri":"file:/home/gabin/code/test/#root/Compile"}}})[0m
[0m[[0m[0mdebug[0m] [0m[0mjsonRpcNotify: JsonRpcNotificationMessage(2.0, build/taskProgress, {"taskId":{"id":"32","parents":[]},"eventTime":1646923963817,"message":"Compiling root (80%)","total":52,"progress":80,"dataKind":"compile-progress","data":{"target":{"uri":"file:/home/gabin/code/test/#root/Compile"}}})[0m
[0m[[0m[0mdebug[0m] [0m[0mjsonRpcNotify: JsonRpcNotificationMessage(2.0, build/taskProgress, {"taskId":{"id":"32","parents":[]},"eventTime":1646923963817,"message":"Compiling root (80%)","total":52,"progress":80,"dataKind":"compile-progress","data":{"target":{"uri":"file:/home/gabin/code/test/#root/Compile"}}})[0m
[0m[[0m[0mdebug[0m] [0m[0mjsonRpcNotify: JsonRpcNotificationMessage(2.0, build/taskProgress, {"taskId":{"id":"32","parents":[]},"eventTime":1646923963818,"message":"Compiling root (90%)","total":52,"progress":90,"dataKind":"compile-progress","data":{"target":{"uri":"file:/home/gabin/code/test/#root/Compile"}}})[0m
[0m[[0m[0mdebug[0m] [0m[0mjsonRpcNotify: JsonRpcNotificationMessage(2.0, build/taskProgress, {"taskId":{"id":"32","parents":[]},"eventTime":1646923963833,"message":"Compiling root (100%)","total":52,"progress":100,"dataKind":"compile-progress","data":{"target":{"uri":"file:/home/gabin/code/test/#root/Compile"}}})[0m
[0m[[0m[0mdebug[0m] [0m[0mjsonRpcNotify: JsonRpcNotificationMessage(2.0, build/taskProgress, {"taskId":{"id":"32","parents":[]},"eventTime":1646923963834,"message":"Compiling root (100%)","total":52,"progress":100,"dataKind":"compile-progress","data":{"target":{"uri":"file:/home/gabin/code/test/#root/Compile"}}})[0m
[0m[[0m[0mdebug[0m] [0m[0mjsonRpcNotify: JsonRpcNotificationMessage(2.0, build/publishDiagnostics, {"textDocument":{"uri":"file:///home/gabin/code/test/src/main/scala/ok/Iterator.scala"},"buildTarget":{"uri":"file:/home/gabin/code/test/#root/Compile"},"diagnostics":[],"reset":true})[0m
[0m[[0m[0mdebug[0m] [0m[0mjsonRpcNotify: JsonRpcNotificationMessage(2.0, build/publishDiagnostics, {"textDocument":{"uri":"file:///home/gabin/code/test/src/main/scala/ok/IntIterator.scala"},"buildTarget":{"uri":"file:/home/gabin/code/test/#root/Compile"},"diagnostics":[],"reset":true})[0m
[0m[[0m[0mdebug[0m] [0m[0mjsonRpcNotify: JsonRpcNotificationMessage(2.0, build/publishDiagnostics, {"textDocument":{"uri":"file:///home/gabin/code/test/src/main/scala/ok/Main.scala"},"buildTarget":{"uri":"file:/home/gabin/code/test/#root/Compile"},"diagnostics":[],"reset":true})[0m
[0m[[0m[0mdebug[0m] [0m[0mjsonRpcNotify: JsonRpcNotificationMessage(2.0, build/publishDiagnostics, {"textDocument":{"uri":"file:///home/gabin/code/test/src/main/scala/kocko/clasment/kokoType.scala"},"buildTarget":{"uri":"file:/home/gabin/code/test/#root/Compile"},"diagnostics":[],"reset":true})[0m
[0m[[0m[0mdebug[0m] [0m[0mjsonRpcNotify: JsonRpcNotificationMessage(2.0, build/publishDiagnostics, {"textDocument":{"uri":"file:///home/gabin/code/test/src/main/scala/kocko/clasment/cocoInterface.scala"},"buildTarget":{"uri":"file:/home/gabin/code/test/#root/Compile"},"diagnostics":[],"reset":true})[0m
[0m[[0m[0mdebug[0m] [0m[0mjsonRpcNotify: JsonRpcNotificationMessage(2.0, build/taskFinish, {"taskId":{"id":"32","parents":[]},"eventTime":1646923963839,"message":"Compiled root","status":1,"dataKind":"compile-report","data":{"target":{"uri":"file:/home/gabin/code/test/#root/Compile"},"errors":0,"warnings":0,"time":231}})[0m
[0m[[0m[0mdebug[0m] [0m[0mjsonRpcNotify: JsonRpcNotificationMessage(2.0, build/taskStart, {"taskId":{"id":"33","parents":[]},"eventTime":1646923963858,"message":"Compiling root-test","dataKind":"compile-task","data":{"target":{"uri":"file:/home/gabin/code/test/#root/Test"}}})[0m
[0m[[0m[0mdebug[0m] [0m[0mjsonRpcNotify: JsonRpcNotificationMessage(2.0, build/taskFinish, {"taskId":{"id":"33","parents":[]},"eventTime":1646923963861,"message":"Compiled root-test","status":1,"dataKind":"compile-report","data":{"target":{"uri":"file:/home/gabin/code/test/#root/Test"},"errors":0,"warnings":0,"time":3}})[0m
[0m[[0m[0mdebug[0m] [0m[0mForcing garbage collection...[0m
[0m[[0m[32msuccess[0m] [0m[0mTotal time: 1 s, completed Mar 10, 2022, 3:52:44 PM[0m
[0m[[0m[0mdebug[0m] [0m[0munmatched Done event for requestId None: None[0m
[0m[[0m[0mdebug[0m] [0m[0m> Exec(collectAnalyses, None, Some(CommandSource(network-1)))[0m
[0m[[0m[0mdebug[0m] [0m[0munmatched Processing event for requestId None: None[0m
[0m[[0m[0mdebug[0m] [0m[0mEvaluating tasks: Compile / collectAnalyses[0m
[0m[[0m[0mdebug[0m] [0m[0mRunning task... Cancel: Signal, check cycles: false, forcegc: true[0m
[0m[[0m[0mdebug[0m] [0m[0manalysis location (/home/gabin/code/test/target/scala-2.13/zinc/inc_compile_2.13.zip,true)[0m
[0m[[0m[32msuccess[0m] [0m[0mTotal time: 0 s, completed Mar 10, 2022, 3:52:44 PM[0m
[0m[[0m[0mdebug[0m] [0m[0munmatched Done event for requestId None: None[0m
[0m[[0m[0mdebug[0m] [0m[0m> Exec(shell, None, None)[0m
