2022.03.10 09:40:18 INFO  tracing is disabled for protocol LSP, to enable tracing of incoming and outgoing JSON messages create an empty file at /home/gabin/code/test/.metals/lsp.trace.json or /home/gabin/.cache/metals/lsp.trace.json[0m
2022.03.10 09:40:19 INFO  logging to file /home/gabin/code/test/.metals/metals.log[0m
2022.03.10 09:40:19 INFO  Started: Metals version 0.11.2 in workspace '/home/gabin/code/test' for client Visual Studio Code 1.65.1.[0m
2022.03.10 09:40:19 INFO  Parse release: 11.0.13[0m
2022.03.10 09:40:19 WARN  Can't instantiate JavaInteractiveSemanticdb (version: Some(JdkVersion(11,0)), jdkHome: /usr/lib/jvm/java-11-openjdk-amd64, javac exists: false)[0m
2022.03.10 09:40:20 INFO  time: initialize in 1.93s[0m
2022.03.10 09:40:21 WARN  Build server is not auto-connectable.[0m
2022.03.10 09:40:23 WARN  no build target for: /home/gabin/code/test/src/main/scala/ok/Main.scala[0m
Mar 10, 2022 9:40:23 AM org.eclipse.lsp4j.jsonrpc.RemoteEndpoint handleCancellation
WARNING: Unmatched cancel notification for request id 1
2022.03.10 09:40:45 INFO  no build target found for /home/gabin/code/test/src/main/scala/ok/Main.scala. Using presentation compiler with project's scala-library version: 3.1.1[0m
Mar 10, 2022 9:40:45 AM org.eclipse.lsp4j.jsonrpc.RemoteEndpoint handleCancellation
WARNING: Unmatched cancel notification for request id 23
2022.03.10 09:40:47 INFO  time: code lens generation in 23s[0m
2022.03.10 09:40:47 INFO  time: code lens generation in 1.33s[0m
2022.03.10 09:40:47 INFO  time: code lens generation in 1.66s[0m
2022.03.10 09:40:47 INFO  time: code lens generation in 1.05s[0m
2022.03.10 09:40:47 INFO  time: code lens generation in 1.31s[0m
2022.03.10 09:40:47 INFO  time: code lens generation in 1.33s[0m
2022.03.10 09:40:47 INFO  time: code lens generation in 1.27s[0m
2022.03.10 09:40:47 INFO  time: code lens generation in 1.34s[0m
2022.03.10 09:40:47 INFO  time: code lens generation in 1.7s[0m
2022.03.10 09:40:47 INFO  time: code lens generation in 1.32s[0m
2022.03.10 09:40:47 INFO  time: code lens generation in 1.37s[0m
2022.03.10 09:43:25 WARN  no build target for: /home/gabin/code/test/src/main/scala/ok/Main.scala[0m
2022.03.10 09:44:39 WARN  no build target for: /home/gabin/code/test/src/main/scala/ok/Iterator.scala[0m
2022.03.10 09:45:01 WARN  no build target for: /home/gabin/code/test/src/main/scala/ok/Main.scala[0m
2022.03.10 09:45:08 WARN  no build target for: /home/gabin/code/test/src/main/scala/ok/Iterator.scala[0m
2022.03.10 09:45:38 WARN  no build target for: /home/gabin/code/test/src/main/scala/ok/Iterator.scala[0m
2022.03.10 09:52:23 WARN  no build target for: /home/gabin/code/test/src/main/scala/ok/Main.scala[0m
2022.03.10 09:52:52 WARN  no build target for: /home/gabin/code/test/src/main/scala/ok/IntIterator.scala[0m
2022.03.10 09:53:17 WARN  no build target for: /home/gabin/code/test/src/main/scala/ok/IntIterator.scala[0m
2022.03.10 09:53:55 WARN  no build target for: /home/gabin/code/test/src/main/scala/ok/IntIterator.scala[0m
2022.03.10 10:56:23 WARN  no build target for: /home/gabin/code/test/src/main/scala/ok/IntIterator.scala[0m
2022.03.10 11:01:42 WARN  no build target for: /home/gabin/code/test/src/main/scala/ok/IntIterator.scala[0m
Exception in thread "pool-3-thread-1" dotty.tools.dotc.core.MissingType: 
	at dotty.tools.dotc.core.TypeErasure.dotty$tools$dotc$core$TypeErasure$$sigName(TypeErasure.scala:782)
	at dotty.tools.dotc.core.TypeErasure$.sigName(TypeErasure.scala:204)
	at dotty.tools.dotc.core.Signature$.apply(Signature.scala:169)
	at dotty.tools.dotc.core.Types$MethodOrPoly.computeSignature$2(Types.scala:3517)
	at dotty.tools.dotc.core.Types$MethodOrPoly.signature(Types.scala:3538)
	at dotty.tools.dotc.core.Denotations$SingleDenotation.signature(Denotations.scala:612)
	at dotty.tools.dotc.core.Denotations$SingleDenotation.matchesLoosely(Denotations.scala:1031)
	at dotty.tools.dotc.core.Denotations$SingleDenotation.matches(Denotations.scala:1014)
	at dotty.tools.dotc.core.Denotations$SingleDenotation.filterDisjoint(Denotations.scala:1064)
	at dotty.tools.dotc.core.Denotations$SingleDenotation.mapInherited(Denotations.scala:1059)
	at dotty.tools.dotc.core.Denotations$SingleDenotation.mapInherited(Denotations.scala:1056)
	at dotty.tools.dotc.core.SymDenotations$ClassDenotation.collect$1(SymDenotations.scala:2061)
	at dotty.tools.dotc.core.SymDenotations$ClassDenotation.collect$1(SymDenotations.scala:2057)
	at dotty.tools.dotc.core.SymDenotations$ClassDenotation.addInherited(SymDenotations.scala:2066)
	at dotty.tools.dotc.core.SymDenotations$ClassDenotation.computeMembersNamed(SymDenotations.scala:2051)
	at dotty.tools.dotc.core.SymDenotations$ClassDenotation.membersNamed(SymDenotations.scala:2018)
	at dotty.tools.dotc.core.SymDenotations$ClassDenotation.findMember(SymDenotations.scala:2069)
	at dotty.tools.dotc.core.Types$Type.go$1(Types.scala:686)
	at dotty.tools.dotc.core.Types$Type.goThis$1(Types.scala:810)
	at dotty.tools.dotc.core.Types$Type.go$1(Types.scala:703)
	at dotty.tools.dotc.core.Types$Type.findMember(Types.scala:873)
	at dotty.tools.dotc.core.Types$Type.memberBasedOnFlags(Types.scala:669)
	at dotty.tools.dotc.core.Types$Type.member(Types.scala:653)
	at dotty.tools.dotc.core.Types$Type.allMembers$$anonfun$1(Types.scala:1014)
	at scala.runtime.function.JProcedure2.apply(JProcedure2.java:15)
	at scala.runtime.function.JProcedure2.apply(JProcedure2.java:10)
	at dotty.tools.dotc.core.Types$Type.memberDenots$$anonfun$1(Types.scala:919)
	at scala.runtime.function.JProcedure1.apply(JProcedure1.java:15)
	at scala.runtime.function.JProcedure1.apply(JProcedure1.java:10)
	at scala.collection.immutable.HashSet.foreach(HashSet.scala:937)
	at dotty.tools.dotc.core.Types$Type.memberDenots(Types.scala:919)
	at dotty.tools.dotc.core.Types$Type.allMembers(Types.scala:1014)
	at scala.meta.internal.pc.IndexedContext$.accesibleMembers$1(IndexedContext.scala:133)
	at scala.meta.internal.pc.IndexedContext$.scala$meta$internal$pc$IndexedContext$$$extractNames(IndexedContext.scala:188)
	at scala.meta.internal.pc.IndexedContext$LazyWrapper.<init>(IndexedContext.scala:83)
	at scala.meta.internal.pc.IndexedContext$.apply(IndexedContext.scala:71)
	at scala.meta.internal.pc.IndexedContext$LazyWrapper.<init>(IndexedContext.scala:82)
	at scala.meta.internal.pc.IndexedContext$.apply(IndexedContext.scala:71)
	at scala.meta.internal.pc.IndexedContext$LazyWrapper.<init>(IndexedContext.scala:82)
	at scala.meta.internal.pc.IndexedContext$.apply(IndexedContext.scala:71)
	at scala.meta.internal.pc.IndexedContext$LazyWrapper.<init>(IndexedContext.scala:82)
	at scala.meta.internal.pc.IndexedContext$.apply(IndexedContext.scala:71)
	at scala.meta.internal.pc.completions.CompletionsProvider.completions(CompletionsProvider.scala:55)
	at scala.meta.internal.pc.ScalaPresentationCompiler.complete$$anonfun$1(ScalaPresentationCompiler.scala:91)
	at scala.meta.internal.pc.CompilerAccess.withSharedCompiler(CompilerAccess.scala:137)
	at scala.meta.internal.pc.CompilerAccess.$anonfun$1(CompilerAccess.scala:87)
	at scala.meta.internal.pc.CompilerAccess.onCompilerJobQueue$$anonfun$1(CompilerAccess.scala:197)
	at scala.meta.internal.pc.CompilerJobQueue$Job.run(CompilerJobQueue.scala:139)
	at java.base/java.util.concurrent.ThreadPoolExecutor.runWorker(ThreadPoolExecutor.java:1128)
	at java.base/java.util.concurrent.ThreadPoolExecutor$Worker.run(ThreadPoolExecutor.java:628)
	at java.base/java.lang.Thread.run(Thread.java:829)
Exception in thread "pool-3-thread-2" dotty.tools.dotc.core.MissingType: 
	at dotty.tools.dotc.core.TypeErasure.dotty$tools$dotc$core$TypeErasure$$sigName(TypeErasure.scala:782)
	at dotty.tools.dotc.core.TypeErasure$.sigName(TypeErasure.scala:204)
	at dotty.tools.dotc.core.Signature$.apply(Signature.scala:169)
	at dotty.tools.dotc.core.Types$MethodOrPoly.computeSignature$2(Types.scala:3517)
	at dotty.tools.dotc.core.Types$MethodOrPoly.signature(Types.scala:3538)
	at dotty.tools.dotc.core.Denotations$SingleDenotation.signature(Denotations.scala:612)
	at dotty.tools.dotc.core.Denotations$SingleDenotation.matchesLoosely(Denotations.scala:1031)
	at dotty.tools.dotc.core.Denotations$SingleDenotation.matches(Denotations.scala:1014)
	at dotty.tools.dotc.core.Denotations$SingleDenotation.filterDisjoint(Denotations.scala:1064)
	at dotty.tools.dotc.core.Denotations$SingleDenotation.mapInherited(Denotations.scala:1059)
	at dotty.tools.dotc.core.Denotations$SingleDenotation.mapInherited(Denotations.scala:1056)
	at dotty.tools.dotc.core.SymDenotations$ClassDenotation.collect$1(SymDenotations.scala:2061)
	at dotty.tools.dotc.core.SymDenotations$ClassDenotation.collect$1(SymDenotations.scala:2057)
	at dotty.tools.dotc.core.SymDenotations$ClassDenotation.addInherited(SymDenotations.scala:2066)
	at dotty.tools.dotc.core.SymDenotations$ClassDenotation.computeMembersNamed(SymDenotations.scala:2051)
	at dotty.tools.dotc.core.SymDenotations$ClassDenotation.membersNamed(SymDenotations.scala:2018)
	at dotty.tools.dotc.core.SymDenotations$ClassDenotation.findMember(SymDenotations.scala:2069)
	at dotty.tools.dotc.core.Types$Type.go$1(Types.scala:686)
	at dotty.tools.dotc.core.Types$Type.goThis$1(Types.scala:810)
	at dotty.tools.dotc.core.Types$Type.go$1(Types.scala:703)
	at dotty.tools.dotc.core.Types$Type.findMember(Types.scala:873)
	at dotty.tools.dotc.core.Types$Type.memberBasedOnFlags(Types.scala:669)
	at dotty.tools.dotc.core.Types$Type.member(Types.scala:653)
	at dotty.tools.dotc.core.Types$Type.allMembers$$anonfun$1(Types.scala:1014)
	at scala.runtime.function.JProcedure2.apply(JProcedure2.java:15)
	at scala.runtime.function.JProcedure2.apply(JProcedure2.java:10)
	at dotty.tools.dotc.core.Types$Type.memberDenots$$anonfun$1(Types.scala:919)
	at scala.runtime.function.JProcedure1.apply(JProcedure1.java:15)
	at scala.runtime.function.JProcedure1.apply(JProcedure1.java:10)
	at scala.collection.immutable.HashSet.foreach(HashSet.scala:937)
	at dotty.tools.dotc.core.Types$Type.memberDenots(Types.scala:919)
	at dotty.tools.dotc.core.Types$Type.allMembers(Types.scala:1014)
	at scala.meta.internal.pc.IndexedContext$.accesibleMembers$1(IndexedContext.scala:133)
	at scala.meta.internal.pc.IndexedContext$.scala$meta$internal$pc$IndexedContext$$$extractNames(IndexedContext.scala:188)
	at scala.meta.internal.pc.IndexedContext$LazyWrapper.<init>(IndexedContext.scala:83)
	at scala.meta.internal.pc.IndexedContext$.apply(IndexedContext.scala:71)
	at scala.meta.internal.pc.IndexedContext$LazyWrapper.<init>(IndexedContext.scala:82)
	at scala.meta.internal.pc.IndexedContext$.apply(IndexedContext.scala:71)
	at scala.meta.internal.pc.IndexedContext$LazyWrapper.<init>(IndexedContext.scala:82)
	at scala.meta.internal.pc.IndexedContext$.apply(IndexedContext.scala:71)
	at scala.meta.internal.pc.IndexedContext$LazyWrapper.<init>(IndexedContext.scala:82)
	at scala.meta.internal.pc.IndexedContext$.apply(IndexedContext.scala:71)
	at scala.meta.internal.pc.IndexedContext$LazyWrapper.<init>(IndexedContext.scala:82)
	at scala.meta.internal.pc.IndexedContext$.apply(IndexedContext.scala:71)
	at scala.meta.internal.pc.completions.CompletionsProvider.completions(CompletionsProvider.scala:55)
	at scala.meta.internal.pc.ScalaPresentationCompiler.complete$$anonfun$1(ScalaPresentationCompiler.scala:91)
	at scala.meta.internal.pc.CompilerAccess.withSharedCompiler(CompilerAccess.scala:137)
	at scala.meta.internal.pc.CompilerAccess.$anonfun$1(CompilerAccess.scala:87)
	at scala.meta.internal.pc.CompilerAccess.onCompilerJobQueue$$anonfun$1(CompilerAccess.scala:197)
	at scala.meta.internal.pc.CompilerJobQueue$Job.run(CompilerJobQueue.scala:139)
	at java.base/java.util.concurrent.ThreadPoolExecutor.runWorker(ThreadPoolExecutor.java:1128)
	at java.base/java.util.concurrent.ThreadPoolExecutor$Worker.run(ThreadPoolExecutor.java:628)
	at java.base/java.lang.Thread.run(Thread.java:829)
2022.03.10 11:05:42 WARN  no build target for: /home/gabin/code/test/src/main/scala/ok/IntIterator.scala[0m
2022.03.10 11:06:33 WARN  no build target for: /home/gabin/code/test/src/main/scala/ok/Main.scala[0m
2022.03.10 11:07:39 WARN  no build target for: /home/gabin/code/test/src/main/scala/ok/Main.scala[0m
2022.03.10 11:08:27 WARN  no build target for: /home/gabin/code/test/src/main/scala/ok/Main.scala[0m
2022.03.10 11:10:26 WARN  no build target for: /home/gabin/code/test/src/main/scala/ok/IntIterator.scala[0m
2022.03.10 11:10:34 WARN  no build target for: /home/gabin/code/test/src/main/scala/ok/Main.scala[0m
2022.03.10 11:10:52 WARN  no build target for: /home/gabin/code/test/src/main/scala/ok/Main.scala[0m
2022.03.10 11:11:24 WARN  no build target for: /home/gabin/code/test/src/main/scala/ok/Iterator.scala[0m
2022.03.10 11:12:33 WARN  no build target for: /home/gabin/code/test/src/main/scala/ok/Main.scala[0m
2022.03.10 11:13:05 WARN  no build target for: /home/gabin/code/test/src/main/scala/ok/Iterator.scala[0m
Exception in thread "pool-3-thread-3" dotty.tools.dotc.core.MissingType: 
	at dotty.tools.dotc.core.TypeErasure.dotty$tools$dotc$core$TypeErasure$$sigName(TypeErasure.scala:782)
	at dotty.tools.dotc.core.TypeErasure$.sigName(TypeErasure.scala:204)
	at dotty.tools.dotc.core.Signature$.apply(Signature.scala:169)
	at dotty.tools.dotc.core.Types$MethodOrPoly.computeSignature$2(Types.scala:3517)
	at dotty.tools.dotc.core.Types$MethodOrPoly.signature(Types.scala:3538)
	at dotty.tools.dotc.core.Denotations$SingleDenotation.signature(Denotations.scala:612)
	at dotty.tools.dotc.core.Denotations$SingleDenotation.matchesLoosely(Denotations.scala:1031)
	at dotty.tools.dotc.core.Denotations$SingleDenotation.matches(Denotations.scala:1014)
	at dotty.tools.dotc.core.Denotations$SingleDenotation.filterDisjoint(Denotations.scala:1064)
	at dotty.tools.dotc.core.Denotations$SingleDenotation.mapInherited(Denotations.scala:1059)
	at dotty.tools.dotc.core.Denotations$SingleDenotation.mapInherited(Denotations.scala:1056)
	at dotty.tools.dotc.core.SymDenotations$ClassDenotation.collect$1(SymDenotations.scala:2061)
	at dotty.tools.dotc.core.SymDenotations$ClassDenotation.collect$1(SymDenotations.scala:2057)
	at dotty.tools.dotc.core.SymDenotations$ClassDenotation.addInherited(SymDenotations.scala:2066)
	at dotty.tools.dotc.core.SymDenotations$ClassDenotation.computeMembersNamed(SymDenotations.scala:2051)
	at dotty.tools.dotc.core.SymDenotations$ClassDenotation.membersNamed(SymDenotations.scala:2018)
	at dotty.tools.dotc.core.SymDenotations$ClassDenotation.findMember(SymDenotations.scala:2069)
	at dotty.tools.dotc.core.Types$Type.go$1(Types.scala:686)
	at dotty.tools.dotc.core.Types$Type.goThis$1(Types.scala:810)
	at dotty.tools.dotc.core.Types$Type.go$1(Types.scala:703)
	at dotty.tools.dotc.core.Types$Type.findMember(Types.scala:873)
	at dotty.tools.dotc.core.Types$Type.memberBasedOnFlags(Types.scala:669)
	at dotty.tools.dotc.core.Types$Type.member(Types.scala:653)
	at dotty.tools.dotc.core.Types$Type.allMembers$$anonfun$1(Types.scala:1014)
	at scala.runtime.function.JProcedure2.apply(JProcedure2.java:15)
	at scala.runtime.function.JProcedure2.apply(JProcedure2.java:10)
	at dotty.tools.dotc.core.Types$Type.memberDenots$$anonfun$1(Types.scala:919)
	at scala.runtime.function.JProcedure1.apply(JProcedure1.java:15)
	at scala.runtime.function.JProcedure1.apply(JProcedure1.java:10)
	at scala.collection.immutable.HashSet.foreach(HashSet.scala:937)
	at dotty.tools.dotc.core.Types$Type.memberDenots(Types.scala:919)
	at dotty.tools.dotc.core.Types$Type.allMembers(Types.scala:1014)
	at scala.meta.internal.pc.IndexedContext$.accesibleMembers$1(IndexedContext.scala:133)
	at scala.meta.internal.pc.IndexedContext$.scala$meta$internal$pc$IndexedContext$$$extractNames(IndexedContext.scala:188)
	at scala.meta.internal.pc.IndexedContext$LazyWrapper.<init>(IndexedContext.scala:83)
	at scala.meta.internal.pc.IndexedContext$.apply(IndexedContext.scala:71)
	at scala.meta.internal.pc.HoverProvider$.hover(HoverProvider.scala:68)
	at scala.meta.internal.pc.ScalaPresentationCompiler.hover$$anonfun$1(ScalaPresentationCompiler.scala:197)
	at scala.meta.internal.pc.CompilerAccess.withSharedCompiler(CompilerAccess.scala:137)
	at scala.meta.internal.pc.CompilerAccess.withNonInterruptableCompiler$$anonfun$1(CompilerAccess.scala:125)
	at scala.meta.internal.pc.CompilerAccess.onCompilerJobQueue$$anonfun$1(CompilerAccess.scala:197)
	at scala.meta.internal.pc.CompilerJobQueue$Job.run(CompilerJobQueue.scala:139)
	at java.base/java.util.concurrent.ThreadPoolExecutor.runWorker(ThreadPoolExecutor.java:1128)
	at java.base/java.util.concurrent.ThreadPoolExecutor$Worker.run(ThreadPoolExecutor.java:628)
	at java.base/java.lang.Thread.run(Thread.java:829)
2022.03.10 11:13:24 WARN  no build target for: /home/gabin/code/test/src/main/scala/ok/IntIterator.scala[0m
Exception in thread "pool-3-thread-4" dotty.tools.dotc.core.MissingType: 
	at dotty.tools.dotc.core.TypeErasure.dotty$tools$dotc$core$TypeErasure$$sigName(TypeErasure.scala:782)
	at dotty.tools.dotc.core.TypeErasure$.sigName(TypeErasure.scala:204)
	at dotty.tools.dotc.core.Signature$.apply(Signature.scala:169)
	at dotty.tools.dotc.core.Types$MethodOrPoly.computeSignature$2(Types.scala:3517)
	at dotty.tools.dotc.core.Types$MethodOrPoly.signature(Types.scala:3538)
	at dotty.tools.dotc.core.Denotations$SingleDenotation.signature(Denotations.scala:612)
	at dotty.tools.dotc.core.Denotations$SingleDenotation.matchesLoosely(Denotations.scala:1031)
	at dotty.tools.dotc.core.Denotations$SingleDenotation.matches(Denotations.scala:1014)
	at dotty.tools.dotc.core.Denotations$SingleDenotation.filterDisjoint(Denotations.scala:1064)
	at dotty.tools.dotc.core.Denotations$SingleDenotation.mapInherited(Denotations.scala:1059)
	at dotty.tools.dotc.core.Denotations$SingleDenotation.mapInherited(Denotations.scala:1056)
	at dotty.tools.dotc.core.SymDenotations$ClassDenotation.collect$1(SymDenotations.scala:2061)
	at dotty.tools.dotc.core.SymDenotations$ClassDenotation.collect$1(SymDenotations.scala:2057)
	at dotty.tools.dotc.core.SymDenotations$ClassDenotation.addInherited(SymDenotations.scala:2066)
	at dotty.tools.dotc.core.SymDenotations$ClassDenotation.computeMembersNamed(SymDenotations.scala:2051)
	at dotty.tools.dotc.core.SymDenotations$ClassDenotation.membersNamed(SymDenotations.scala:2018)
	at dotty.tools.dotc.core.SymDenotations$ClassDenotation.findMember(SymDenotations.scala:2069)
	at dotty.tools.dotc.core.Types$Type.go$1(Types.scala:686)
	at dotty.tools.dotc.core.Types$Type.goThis$1(Types.scala:810)
	at dotty.tools.dotc.core.Types$Type.go$1(Types.scala:703)
	at dotty.tools.dotc.core.Types$Type.findMember(Types.scala:873)
	at dotty.tools.dotc.core.Types$Type.memberBasedOnFlags(Types.scala:669)
	at dotty.tools.dotc.core.Types$Type.member(Types.scala:653)
	at dotty.tools.dotc.core.Types$Type.allMembers$$anonfun$1(Types.scala:1014)
	at scala.runtime.function.JProcedure2.apply(JProcedure2.java:15)
	at scala.runtime.function.JProcedure2.apply(JProcedure2.java:10)
	at dotty.tools.dotc.core.Types$Type.memberDenots$$anonfun$1(Types.scala:919)
	at scala.runtime.function.JProcedure1.apply(JProcedure1.java:15)
	at scala.runtime.function.JProcedure1.apply(JProcedure1.java:10)
	at scala.collection.immutable.HashSet.foreach(HashSet.scala:937)
	at dotty.tools.dotc.core.Types$Type.memberDenots(Types.scala:919)
	at dotty.tools.dotc.core.Types$Type.allMembers(Types.scala:1014)
	at scala.meta.internal.pc.IndexedContext$.accesibleMembers$1(IndexedContext.scala:133)
	at scala.meta.internal.pc.IndexedContext$.scala$meta$internal$pc$IndexedContext$$$extractNames(IndexedContext.scala:188)
	at scala.meta.internal.pc.IndexedContext$LazyWrapper.<init>(IndexedContext.scala:83)
	at scala.meta.internal.pc.IndexedContext$.apply(IndexedContext.scala:71)
	at scala.meta.internal.pc.HoverProvider$.hover(HoverProvider.scala:68)
	at scala.meta.internal.pc.ScalaPresentationCompiler.hover$$anonfun$1(ScalaPresentationCompiler.scala:197)
	at scala.meta.internal.pc.CompilerAccess.withSharedCompiler(CompilerAccess.scala:137)
	at scala.meta.internal.pc.CompilerAccess.withNonInterruptableCompiler$$anonfun$1(CompilerAccess.scala:125)
	at scala.meta.internal.pc.CompilerAccess.onCompilerJobQueue$$anonfun$1(CompilerAccess.scala:197)
	at scala.meta.internal.pc.CompilerJobQueue$Job.run(CompilerJobQueue.scala:139)
	at java.base/java.util.concurrent.ThreadPoolExecutor.runWorker(ThreadPoolExecutor.java:1128)
	at java.base/java.util.concurrent.ThreadPoolExecutor$Worker.run(ThreadPoolExecutor.java:628)
	at java.base/java.lang.Thread.run(Thread.java:829)
2022.03.10 11:17:31 WARN  no build target for: /home/gabin/code/test/src/main/scala/ok/IntIterator.scala[0m
